<?xml version="1.0" encoding="UTF-8"?>
<testsuite name="tdd.loadbalancer.LoadBalancerTest" tests="10" skipped="0" failures="0" errors="0" timestamp="2026-06-14T12:40:05" hostname="MacBookPro.COMFAST" time="0.051">
  <properties/>
  <testcase name="get_returnsSingleRegisteredServer()" classname="tdd.loadbalancer.LoadBalancerTest" time="0.031"/>
  <testcase name="get_throwsWhenNoServersRegistered()" classname="tdd.loadbalancer.LoadBalancerTest" time="0.001"/>
  <testcase name="get_returnsOneOfRegisteredServers()" classname="tdd.loadbalancer.LoadBalancerTest" time="0.003"/>
  <testcase name="get_roundRobin_threadSafe()" classname="tdd.loadbalancer.LoadBalancerTest" time="0.003"/>
  <testcase name="register_throwsOnDuplicate()" classname="tdd.loadbalancer.LoadBalancerTest" time="0.0"/>
  <testcase name="deregister_throwsWhenServerNotFound()" classname="tdd.loadbalancer.LoadBalancerTest" time="0.0"/>
  <testcase name="get_roundRobin_returnsServersInOrder()" classname="tdd.loadbalancer.LoadBalancerTest" time="0.0"/>
  <testcase name="deregister_removesServer()" classname="tdd.loadbalancer.LoadBalancerTest" time="0.001"/>
  <testcase name="register_throwsWhenCapacityExceeded()" classname="tdd.loadbalancer.LoadBalancerTest" time="0.002"/>
  <testcase name="register_threadSafe_noDuplicatesUnderConcurrency()" classname="tdd.loadbalancer.LoadBalancerTest" time="0.004"/>
  <system-out><![CDATA[]]></system-out>
  <system-err><![CDATA[]]></system-err>
</testsuite>
